#
# There is insufficient memory for the Java Runtime Environment to continue.
# Native memory allocation (malloc) failed to allocate 659312 bytes. Error detail: Chunk::new
# Possible reasons:
#   The system is out of physical RAM or swap space
#   This process is running with CompressedOops enabled, and the Java Heap may be blocking the growth of the native heap
# Possible solutions:
#   Reduce memory load on the system
#   Increase physical memory or swap space
#   Check if swap backing store is full
#   Decrease Java heap size (-Xmx/-Xms)
#   Decrease number of Java threads
#   Decrease Java thread stack sizes (-Xss)
#   Set larger code cache with -XX:ReservedCodeCacheSize=
#   JVM is running with Zero Based Compressed Oops mode in which the Java heap is
#     placed in the first 32GB address space. The Java Heap base address is the
#     maximum limit for the native heap growth. Please use -XX:HeapBaseMinAddress
#     to set the Java Heap base and to place the Java Heap above 32GB virtual address.
# This output file may be truncated or incomplete.
#
#  Out of Memory Error (arena.cpp:150), pid=14960, tid=22244
#
# JRE version: Java(TM) SE Runtime Environment (22.0+36) (build 22+36-2370)
# Java VM: Java HotSpot(TM) 64-Bit Server VM (22+36-2370, mixed mode, sharing, tiered, compressed oops, compressed class ptrs, g1 gc, windows-amd64)
# No core dump will be written. Minidumps are not enabled by default on client versions of Windows
#

---------------  S U M M A R Y ------------

Command Line: -XX:+ShowCodeDetailsInExceptionMessages rmitvn.SpringBootArchitecture.SpringBootArchitectureApplication

Host: Intel(R) Core(TM) i5-10500H CPU @ 2.50GHz, 12 cores, 15G,  Windows 11 , 64 bit Build 22000 (10.0.22000.2538)
Time: Tue Aug  6 16:10:07 2024 SE Asia Standard Time elapsed time: 1.345930 seconds (0d 0h 0m 1s)

---------------  T H R E A D  ---------------

Current thread (0x000001e3ec9eb160):  JavaThread "C2 CompilerThread0" daemon [_thread_in_native, id=22244, stack(0x0000009d88d00000,0x0000009d88e00000) (1024K)]


Current CompileTask:
C2:1346 2161       4       org.springframework.boot.context.properties.source.ConfigurationPropertyName$ElementsParser::parse (234 bytes)

Stack: [0x0000009d88d00000,0x0000009d88e00000]
Native frames: (J=compiled Java code, j=interpreted, Vv=VM code, C=native code)
V  [jvm.dll+0x6e2349]  (no source info available)
V  [jvm.dll+0x874ed3]  (no source info available)
V  [jvm.dll+0x8772fe]  (no source info available)
V  [jvm.dll+0x8779d3]  (no source info available)
V  [jvm.dll+0x27fcb6]  (no source info available)
V  [jvm.dll+0xc3d0f]  (no source info available)
V  [jvm.dll+0xc3f6b]  (no source info available)
V  [jvm.dll+0x3bb05c]  (no source info available)
V  [jvm.dll+0x387abb]  (no source info available)
V  [jvm.dll+0x386f2a]  (no source info available)
V  [jvm.dll+0x247908]  (no source info available)
V  [jvm.dll+0x246faf]  (no source info available)
V  [jvm.dll+0x1c4e90]  (no source info available)
V  [jvm.dll+0x25699e]  (no source info available)
V  [jvm.dll+0x254c5a]  (no source info available)
V  [jvm.dll+0x3f5426]  (no source info available)
V  [jvm.dll+0x81d50b]  (no source info available)
V  [jvm.dll+0x6e09e5]  (no source info available)
C  [ucrtbase.dll+0x26c0c]  (no source info available)
C  [KERNEL32.DLL+0x153e0]  (no source info available)
C  [ntdll.dll+0x485b]  (no source info available)


---------------  P R O C E S S  ---------------

Threads class SMR info:
_java_thread_list=0x000001e3c65ce680, length=14, elements={
0x000001e3cb2d12f0, 0x000001e3ec9af510, 0x000001e3ec9b4250, 0x000001e3ec9babf0,
0x000001e3ec9bb650, 0x000001e3ec9bc0b0, 0x000001e3ec9c4c50, 0x000001e3ec9eb160,
0x000001e3ec9ebd40, 0x000001e3c52b8890, 0x000001e3c52c0530, 0x000001e3c53385a0,
0x000001e3c6250430, 0x000001e3c624cd80
}

Java Threads: ( => current thread )
  0x000001e3cb2d12f0 JavaThread "main"                              [_thread_in_Java, id=39916, stack(0x0000009d87f00000,0x0000009d88000000) (1024K)]
  0x000001e3ec9af510 JavaThread "Reference Handler"          daemon [_thread_blocked, id=33912, stack(0x0000009d88700000,0x0000009d88800000) (1024K)]
  0x000001e3ec9b4250 JavaThread "Finalizer"                  daemon [_thread_blocked, id=50468, stack(0x0000009d88800000,0x0000009d88900000) (1024K)]
  0x000001e3ec9babf0 JavaThread "Signal Dispatcher"          daemon [_thread_blocked, id=12924, stack(0x0000009d88900000,0x0000009d88a00000) (1024K)]
  0x000001e3ec9bb650 JavaThread "Attach Listener"            daemon [_thread_blocked, id=52176, stack(0x0000009d88a00000,0x0000009d88b00000) (1024K)]
  0x000001e3ec9bc0b0 JavaThread "Service Thread"             daemon [_thread_blocked, id=37988, stack(0x0000009d88b00000,0x0000009d88c00000) (1024K)]
  0x000001e3ec9c4c50 JavaThread "Monitor Deflation Thread"   daemon [_thread_blocked, id=44516, stack(0x0000009d88c00000,0x0000009d88d00000) (1024K)]
=>0x000001e3ec9eb160 JavaThread "C2 CompilerThread0"         daemon [_thread_in_native, id=22244, stack(0x0000009d88d00000,0x0000009d88e00000) (1024K)]
  0x000001e3ec9ebd40 JavaThread "C1 CompilerThread0"         daemon [_thread_blocked, id=21120, stack(0x0000009d88e00000,0x0000009d88f00000) (1024K)]
  0x000001e3c52b8890 JavaThread "Notification Thread"        daemon [_thread_blocked, id=1960, stack(0x0000009d88f00000,0x0000009d89000000) (1024K)]
  0x000001e3c52c0530 JavaThread "Common-Cleaner"             daemon [_thread_blocked, id=37436, stack(0x0000009d89000000,0x0000009d89100000) (1024K)]
  0x000001e3c53385a0 JavaThread "C2 CompilerThread1"         daemon [_thread_in_native, id=13316, stack(0x0000009d89100000,0x0000009d89200000) (1024K)]
  0x000001e3c6250430 JavaThread "C2 CompilerThread2"         daemon [_thread_blocked, id=46712, stack(0x0000009d89800000,0x0000009d89900000) (1024K)]
  0x000001e3c624cd80 JavaThread "WindowsStreamPump"          daemon [_thread_in_native, id=49048, stack(0x0000009d89900000,0x0000009d89a00000) (1024K)]
Total: 14

Other Threads:
  0x000001e3ec993300 VMThread "VM Thread"                           [id=29560, stack(0x0000009d88600000,0x0000009d88700000) (1024K)]
  0x000001e3ec97c150 WatcherThread "VM Periodic Task Thread"        [id=44660, stack(0x0000009d88500000,0x0000009d88600000) (1024K)]
  0x000001e3cd60fc10 WorkerThread "GC Thread#0"                     [id=36328, stack(0x0000009d88000000,0x0000009d88100000) (1024K)]
  0x000001e3c5f05ed0 WorkerThread "GC Thread#1"                     [id=10580, stack(0x0000009d89200000,0x0000009d89300000) (1024K)]
  0x000001e3c5f06280 WorkerThread "GC Thread#2"                     [id=41840, stack(0x0000009d89300000,0x0000009d89400000) (1024K)]
  0x000001e3c5f06630 WorkerThread "GC Thread#3"                     [id=31024, stack(0x0000009d89400000,0x0000009d89500000) (1024K)]
  0x000001e3c5f06bf0 WorkerThread "GC Thread#4"                     [id=49700, stack(0x0000009d89500000,0x0000009d89600000) (1024K)]
  0x000001e3c5f44570 WorkerThread "GC Thread#5"                     [id=26188, stack(0x0000009d89600000,0x0000009d89700000) (1024K)]
  0x000001e3c5f42ba0 WorkerThread "GC Thread#6"                     [id=13608, stack(0x0000009d89a00000,0x0000009d89b00000) (1024K)]
  0x000001e3c5f436b0 WorkerThread "GC Thread#7"                     [id=33388, stack(0x0000009d89b00000,0x0000009d89c00000) (1024K)]
  0x000001e3c5f42f50 WorkerThread "GC Thread#8"                     [id=47768, stack(0x0000009d89c00000,0x0000009d89d00000) (1024K)]
  0x000001e3c5f441c0 WorkerThread "GC Thread#9"                     [id=41040, stack(0x0000009d89d00000,0x0000009d89e00000) (1024K)]
  0x000001e3cd620950 ConcurrentGCThread "G1 Main Marker"            [id=1356, stack(0x0000009d88100000,0x0000009d88200000) (1024K)]
  0x000001e3cd621b10 WorkerThread "G1 Conc#0"                       [id=30144, stack(0x0000009d88200000,0x0000009d88300000) (1024K)]
  0x000001e3ec8485c0 ConcurrentGCThread "G1 Refine#0"               [id=46904, stack(0x0000009d88300000,0x0000009d88400000) (1024K)]
  0x000001e3ec84ad10 ConcurrentGCThread "G1 Service"                [id=34176, stack(0x0000009d88400000,0x0000009d88500000) (1024K)]
Total: 16

Threads with active compile tasks:
C2 CompilerThread0  1424 2161       4       org.springframework.boot.context.properties.source.ConfigurationPropertyName$ElementsParser::parse (234 bytes)
C2 CompilerThread1  1424 2330   !   4       java.net.URL::<init> (543 bytes)
Total: 2

VM state: not at safepoint (normal execution)

VM Mutex/Monitor currently owned by a thread: None

Heap address: 0x0000000703800000, size: 4040 MB, Compressed Oops mode: Zero based, Oop shift amount: 3

CDS archive(s) mapped at: [0x000001e380000000-0x000001e380c60000-0x000001e380c60000), size 12976128, SharedBaseAddress: 0x000001e380000000, ArchiveRelocationMode: 1.
Compressed class space mapped at: 0x000001e381000000-0x000001e3c1000000, reserved size: 1073741824
Narrow klass base: 0x000001e380000000, Narrow klass shift: 0, Narrow klass range: 0x41000000

GC Precious Log:
 CardTable entry size: 512
 Card Set container configuration: InlinePtr #cards 4 size 8 Array Of Cards #cards 16 size 48 Howl #buckets 8 coarsen threshold 3686 Howl Bitmap #cards 512 size 80 coarsen threshold 460 Card regions per heap region 1 cards per card region 4096
 CPUs: 12 total, 12 available
 Memory: 16159M
 Large Page Support: Disabled
 NUMA Support: Disabled
 Compressed Oops: Enabled (Zero based)
 Heap Region Size: 2M
 Heap Min Capacity: 8M
 Heap Initial Capacity: 254M
 Heap Max Capacity: 4040M
 Pre-touch: Disabled
 Parallel Workers: 10
 Concurrent Workers: 3
 Concurrent Refinement Workers: 10
 Periodic GC: Disabled

Heap:
 garbage-first heap   total reserved 4136960K, committed 260096K, used 23736K [0x0000000703800000, 0x0000000800000000)
  region size 2048K, 11 young (22528K), 2 survivors (4096K)
 Metaspace       used 18898K, committed 19200K, reserved 1114112K
  class space    used 2320K, committed 2496K, reserved 1048576K

Heap Regions: E=young(eden), S=young(survivor), O=old, HS=humongous(starts), HC=humongous(continues), CS=collection set, F=free, TAMS=top-at-mark-start, PB=parsable bottom
|   0|0x0000000703800000, 0x0000000703a00000, 0x0000000703a00000|100%| O|  |TAMS 0x0000000703800000| PB 0x0000000703800000| Untracked |  0
|   1|0x0000000703a00000, 0x0000000703c00000, 0x0000000703c00000|100%| O|  |TAMS 0x0000000703a00000| PB 0x0000000703a00000| Untracked |  0
|   2|0x0000000703c00000, 0x0000000703e00000, 0x0000000703e00000|100%| O|  |TAMS 0x0000000703c00000| PB 0x0000000703c00000| Untracked |  0
|   3|0x0000000703e00000, 0x0000000703e93bd0, 0x0000000704000000| 28%| O|  |TAMS 0x0000000703e00000| PB 0x0000000703e00000| Untracked |  0
|   4|0x0000000704000000, 0x0000000704000000, 0x0000000704200000|  0%| F|  |TAMS 0x0000000704000000| PB 0x0000000704000000| Untracked |  0
|   5|0x0000000704200000, 0x0000000704200000, 0x0000000704400000|  0%| F|  |TAMS 0x0000000704200000| PB 0x0000000704200000| Untracked |  0
|   6|0x0000000704400000, 0x0000000704400000, 0x0000000704600000|  0%| F|  |TAMS 0x0000000704400000| PB 0x0000000704400000| Untracked |  0
|   7|0x0000000704600000, 0x0000000704600000, 0x0000000704800000|  0%| F|  |TAMS 0x0000000704600000| PB 0x0000000704600000| Untracked |  0
|   8|0x0000000704800000, 0x0000000704800000, 0x0000000704a00000|  0%| F|  |TAMS 0x0000000704800000| PB 0x0000000704800000| Untracked |  0
|   9|0x0000000704a00000, 0x0000000704a00000, 0x0000000704c00000|  0%| F|  |TAMS 0x0000000704a00000| PB 0x0000000704a00000| Untracked |  0
|  10|0x0000000704c00000, 0x0000000704c00000, 0x0000000704e00000|  0%| F|  |TAMS 0x0000000704c00000| PB 0x0000000704c00000| Untracked |  0
|  11|0x0000000704e00000, 0x0000000704e00000, 0x0000000705000000|  0%| F|  |TAMS 0x0000000704e00000| PB 0x0000000704e00000| Untracked |  0
|  12|0x0000000705000000, 0x0000000705000000, 0x0000000705200000|  0%| F|  |TAMS 0x0000000705000000| PB 0x0000000705000000| Untracked |  0
|  13|0x0000000705200000, 0x0000000705200000, 0x0000000705400000|  0%| F|  |TAMS 0x0000000705200000| PB 0x0000000705200000| Untracked |  0
|  14|0x0000000705400000, 0x0000000705400000, 0x0000000705600000|  0%| F|  |TAMS 0x0000000705400000| PB 0x0000000705400000| Untracked |  0
|  15|0x0000000705600000, 0x0000000705600000, 0x0000000705800000|  0%| F|  |TAMS 0x0000000705600000| PB 0x0000000705600000| Untracked |  0
|  16|0x0000000705800000, 0x0000000705800000, 0x0000000705a00000|  0%| F|  |TAMS 0x0000000705800000| PB 0x0000000705800000| Untracked |  0
|  17|0x0000000705a00000, 0x0000000705a00000, 0x0000000705c00000|  0%| F|  |TAMS 0x0000000705a00000| PB 0x0000000705a00000| Untracked |  0
|  18|0x0000000705c00000, 0x0000000705c00000, 0x0000000705e00000|  0%| F|  |TAMS 0x0000000705c00000| PB 0x0000000705c00000| Untracked |  0
|  19|0x0000000705e00000, 0x0000000705e00000, 0x0000000706000000|  0%| F|  |TAMS 0x0000000705e00000| PB 0x0000000705e00000| Untracked |  0
|  20|0x0000000706000000, 0x0000000706000000, 0x0000000706200000|  0%| F|  |TAMS 0x0000000706000000| PB 0x0000000706000000| Untracked |  0
|  21|0x0000000706200000, 0x0000000706200000, 0x0000000706400000|  0%| F|  |TAMS 0x0000000706200000| PB 0x0000000706200000| Untracked |  0
|  22|0x0000000706400000, 0x0000000706400000, 0x0000000706600000|  0%| F|  |TAMS 0x0000000706400000| PB 0x0000000706400000| Untracked |  0
|  23|0x0000000706600000, 0x0000000706600000, 0x0000000706800000|  0%| F|  |TAMS 0x0000000706600000| PB 0x0000000706600000| Untracked |  0
|  24|0x0000000706800000, 0x0000000706800000, 0x0000000706a00000|  0%| F|  |TAMS 0x0000000706800000| PB 0x0000000706800000| Untracked |  0
|  25|0x0000000706a00000, 0x0000000706a00000, 0x0000000706c00000|  0%| F|  |TAMS 0x0000000706a00000| PB 0x0000000706a00000| Untracked |  0
|  26|0x0000000706c00000, 0x0000000706c00000, 0x0000000706e00000|  0%| F|  |TAMS 0x0000000706c00000| PB 0x0000000706c00000| Untracked |  0
|  27|0x0000000706e00000, 0x0000000706e00000, 0x0000000707000000|  0%| F|  |TAMS 0x0000000706e00000| PB 0x0000000706e00000| Untracked |  0
|  28|0x0000000707000000, 0x0000000707000000, 0x0000000707200000|  0%| F|  |TAMS 0x0000000707000000| PB 0x0000000707000000| Untracked |  0
|  29|0x0000000707200000, 0x0000000707200000, 0x0000000707400000|  0%| F|  |TAMS 0x0000000707200000| PB 0x0000000707200000| Untracked |  0
|  30|0x0000000707400000, 0x0000000707400000, 0x0000000707600000|  0%| F|  |TAMS 0x0000000707400000| PB 0x0000000707400000| Untracked |  0
|  31|0x0000000707600000, 0x0000000707600000, 0x0000000707800000|  0%| F|  |TAMS 0x0000000707600000| PB 0x0000000707600000| Untracked |  0
|  32|0x0000000707800000, 0x0000000707800000, 0x0000000707a00000|  0%| F|  |TAMS 0x0000000707800000| PB 0x0000000707800000| Untracked |  0
|  33|0x0000000707a00000, 0x0000000707a00000, 0x0000000707c00000|  0%| F|  |TAMS 0x0000000707a00000| PB 0x0000000707a00000| Untracked |  0
|  34|0x0000000707c00000, 0x0000000707c00000, 0x0000000707e00000|  0%| F|  |TAMS 0x0000000707c00000| PB 0x0000000707c00000| Untracked |  0
|  35|0x0000000707e00000, 0x0000000707e00000, 0x0000000708000000|  0%| F|  |TAMS 0x0000000707e00000| PB 0x0000000707e00000| Untracked |  0
|  36|0x0000000708000000, 0x0000000708000000, 0x0000000708200000|  0%| F|  |TAMS 0x0000000708000000| PB 0x0000000708000000| Untracked |  0
|  37|0x0000000708200000, 0x0000000708200000, 0x0000000708400000|  0%| F|  |TAMS 0x0000000708200000| PB 0x0000000708200000| Untracked |  0
|  38|0x0000000708400000, 0x0000000708400000, 0x0000000708600000|  0%| F|  |TAMS 0x0000000708400000| PB 0x0000000708400000| Untracked |  0
|  39|0x0000000708600000, 0x0000000708600000, 0x0000000708800000|  0%| F|  |TAMS 0x0000000708600000| PB 0x0000000708600000| Untracked |  0
|  40|0x0000000708800000, 0x0000000708800000, 0x0000000708a00000|  0%| F|  |TAMS 0x0000000708800000| PB 0x0000000708800000| Untracked |  0
|  41|0x0000000708a00000, 0x0000000708a00000, 0x0000000708c00000|  0%| F|  |TAMS 0x0000000708a00000| PB 0x0000000708a00000| Untracked |  0
|  42|0x0000000708c00000, 0x0000000708c00000, 0x0000000708e00000|  0%| F|  |TAMS 0x0000000708c00000| PB 0x0000000708c00000| Untracked |  0
|  43|0x0000000708e00000, 0x0000000708e00000, 0x0000000709000000|  0%| F|  |TAMS 0x0000000708e00000| PB 0x0000000708e00000| Untracked |  0
|  44|0x0000000709000000, 0x0000000709000000, 0x0000000709200000|  0%| F|  |TAMS 0x0000000709000000| PB 0x0000000709000000| Untracked |  0
|  45|0x0000000709200000, 0x0000000709200000, 0x0000000709400000|  0%| F|  |TAMS 0x0000000709200000| PB 0x0000000709200000| Untracked |  0
|  46|0x0000000709400000, 0x0000000709400000, 0x0000000709600000|  0%| F|  |TAMS 0x0000000709400000| PB 0x0000000709400000| Untracked |  0
|  47|0x0000000709600000, 0x0000000709600000, 0x0000000709800000|  0%| F|  |TAMS 0x0000000709600000| PB 0x0000000709600000| Untracked |  0
|  48|0x0000000709800000, 0x0000000709800000, 0x0000000709a00000|  0%| F|  |TAMS 0x0000000709800000| PB 0x0000000709800000| Untracked |  0
|  49|0x0000000709a00000, 0x0000000709a00000, 0x0000000709c00000|  0%| F|  |TAMS 0x0000000709a00000| PB 0x0000000709a00000| Untracked |  0
|  50|0x0000000709c00000, 0x0000000709c00000, 0x0000000709e00000|  0%| F|  |TAMS 0x0000000709c00000| PB 0x0000000709c00000| Untracked |  0
|  51|0x0000000709e00000, 0x0000000709e00000, 0x000000070a000000|  0%| F|  |TAMS 0x0000000709e00000| PB 0x0000000709e00000| Untracked |  0
|  52|0x000000070a000000, 0x000000070a000000, 0x000000070a200000|  0%| F|  |TAMS 0x000000070a000000| PB 0x000000070a000000| Untracked |  0
|  53|0x000000070a200000, 0x000000070a200000, 0x000000070a400000|  0%| F|  |TAMS 0x000000070a200000| PB 0x000000070a200000| Untracked |  0
|  54|0x000000070a400000, 0x000000070a400000, 0x000000070a600000|  0%| F|  |TAMS 0x000000070a400000| PB 0x000000070a400000| Untracked |  0
|  55|0x000000070a600000, 0x000000070a600000, 0x000000070a800000|  0%| F|  |TAMS 0x000000070a600000| PB 0x000000070a600000| Untracked |  0
|  56|0x000000070a800000, 0x000000070a800000, 0x000000070aa00000|  0%| F|  |TAMS 0x000000070a800000| PB 0x000000070a800000| Untracked |  0
|  57|0x000000070aa00000, 0x000000070aa00000, 0x000000070ac00000|  0%| F|  |TAMS 0x000000070aa00000| PB 0x000000070aa00000| Untracked |  0
|  58|0x000000070ac00000, 0x000000070ac00000, 0x000000070ae00000|  0%| F|  |TAMS 0x000000070ac00000| PB 0x000000070ac00000| Untracked |  0
|  59|0x000000070ae00000, 0x000000070ae00000, 0x000000070b000000|  0%| F|  |TAMS 0x000000070ae00000| PB 0x000000070ae00000| Untracked |  0
|  60|0x000000070b000000, 0x000000070b000000, 0x000000070b200000|  0%| F|  |TAMS 0x000000070b000000| PB 0x000000070b000000| Untracked |  0
|  61|0x000000070b200000, 0x000000070b200000, 0x000000070b400000|  0%| F|  |TAMS 0x000000070b200000| PB 0x000000070b200000| Untracked |  0
|  62|0x000000070b400000, 0x000000070b400000, 0x000000070b600000|  0%| F|  |TAMS 0x000000070b400000| PB 0x000000070b400000| Untracked |  0
|  63|0x000000070b600000, 0x000000070b600000, 0x000000070b800000|  0%| F|  |TAMS 0x000000070b600000| PB 0x000000070b600000| Untracked |  0
|  64|0x000000070b800000, 0x000000070b800000, 0x000000070ba00000|  0%| F|  |TAMS 0x000000070b800000| PB 0x000000070b800000| Untracked |  0
|  65|0x000000070ba00000, 0x000000070ba00000, 0x000000070bc00000|  0%| F|  |TAMS 0x000000070ba00000| PB 0x000000070ba00000| Untracked |  0
|  66|0x000000070bc00000, 0x000000070bc00000, 0x000000070be00000|  0%| F|  |TAMS 0x000000070bc00000| PB 0x000000070bc00000| Untracked |  0
|  67|0x000000070be00000, 0x000000070be00000, 0x000000070c000000|  0%| F|  |TAMS 0x000000070be00000| PB 0x000000070be00000| Untracked |  0
|  68|0x000000070c000000, 0x000000070c000000, 0x000000070c200000|  0%| F|  |TAMS 0x000000070c000000| PB 0x000000070c000000| Untracked |  0
|  69|0x000000070c200000, 0x000000070c200000, 0x000000070c400000|  0%| F|  |TAMS 0x000000070c200000| PB 0x000000070c200000| Untracked |  0
|  70|0x000000070c400000, 0x000000070c400000, 0x000000070c600000|  0%| F|  |TAMS 0x000000070c400000| PB 0x000000070c400000| Untracked |  0
|  71|0x000000070c600000, 0x000000070c600000, 0x000000070c800000|  0%| F|  |TAMS 0x000000070c600000| PB 0x000000070c600000| Untracked |  0
|  72|0x000000070c800000, 0x000000070c800000, 0x000000070ca00000|  0%| F|  |TAMS 0x000000070c800000| PB 0x000000070c800000| Untracked |  0
|  73|0x000000070ca00000, 0x000000070ca00000, 0x000000070cc00000|  0%| F|  |TAMS 0x000000070ca00000| PB 0x000000070ca00000| Untracked |  0
|  74|0x000000070cc00000, 0x000000070cc00000, 0x000000070ce00000|  0%| F|  |TAMS 0x000000070cc00000| PB 0x000000070cc00000| Untracked |  0
|  75|0x000000070ce00000, 0x000000070ce00000, 0x000000070d000000|  0%| F|  |TAMS 0x000000070ce00000| PB 0x000000070ce00000| Untracked |  0
|  76|0x000000070d000000, 0x000000070d000000, 0x000000070d200000|  0%| F|  |TAMS 0x000000070d000000| PB 0x000000070d000000| Untracked |  0
|  77|0x000000070d200000, 0x000000070d200000, 0x000000070d400000|  0%| F|  |TAMS 0x000000070d200000| PB 0x000000070d200000| Untracked |  0
|  78|0x000000070d400000, 0x000000070d400000, 0x000000070d600000|  0%| F|  |TAMS 0x000000070d400000| PB 0x000000070d400000| Untracked |  0
|  79|0x000000070d600000, 0x000000070d600000, 0x000000070d800000|  0%| F|  |TAMS 0x000000070d600000| PB 0x000000070d600000| Untracked |  0
|  80|0x000000070d800000, 0x000000070d800000, 0x000000070da00000|  0%| F|  |TAMS 0x000000070d800000| PB 0x000000070d800000| Untracked |  0
|  81|0x000000070da00000, 0x000000070da00000, 0x000000070dc00000|  0%| F|  |TAMS 0x000000070da00000| PB 0x000000070da00000| Untracked |  0
|  82|0x000000070dc00000, 0x000000070dc00000, 0x000000070de00000|  0%| F|  |TAMS 0x000000070dc00000| PB 0x000000070dc00000| Untracked |  0
|  83|0x000000070de00000, 0x000000070de00000, 0x000000070e000000|  0%| F|  |TAMS 0x000000070de00000| PB 0x000000070de00000| Untracked |  0
|  84|0x000000070e000000, 0x000000070e000000, 0x000000070e200000|  0%| F|  |TAMS 0x000000070e000000| PB 0x000000070e000000| Untracked |  0
|  85|0x000000070e200000, 0x000000070e200000, 0x000000070e400000|  0%| F|  |TAMS 0x000000070e200000| PB 0x000000070e200000| Untracked |  0
|  86|0x000000070e400000, 0x000000070e400000, 0x000000070e600000|  0%| F|  |TAMS 0x000000070e400000| PB 0x000000070e400000| Untracked |  0
|  87|0x000000070e600000, 0x000000070e600000, 0x000000070e800000|  0%| F|  |TAMS 0x000000070e600000| PB 0x000000070e600000| Untracked |  0
|  88|0x000000070e800000, 0x000000070e800000, 0x000000070ea00000|  0%| F|  |TAMS 0x000000070e800000| PB 0x000000070e800000| Untracked |  0
|  89|0x000000070ea00000, 0x000000070ea00000, 0x000000070ec00000|  0%| F|  |TAMS 0x000000070ea00000| PB 0x000000070ea00000| Untracked |  0
|  90|0x000000070ec00000, 0x000000070ec00000, 0x000000070ee00000|  0%| F|  |TAMS 0x000000070ec00000| PB 0x000000070ec00000| Untracked |  0
|  91|0x000000070ee00000, 0x000000070ee00000, 0x000000070f000000|  0%| F|  |TAMS 0x000000070ee00000| PB 0x000000070ee00000| Untracked |  0
|  92|0x000000070f000000, 0x000000070f000000, 0x000000070f200000|  0%| F|  |TAMS 0x000000070f000000| PB 0x000000070f000000| Untracked |  0
|  93|0x000000070f200000, 0x000000070f200000, 0x000000070f400000|  0%| F|  |TAMS 0x000000070f200000| PB 0x000000070f200000| Untracked |  0
|  94|0x000000070f400000, 0x000000070f400000, 0x000000070f600000|  0%| F|  |TAMS 0x000000070f400000| PB 0x000000070f400000| Untracked |  0
|  95|0x000000070f600000, 0x000000070f600000, 0x000000070f800000|  0%| F|  |TAMS 0x000000070f600000| PB 0x000000070f600000| Untracked |  0
|  96|0x000000070f800000, 0x000000070f800000, 0x000000070fa00000|  0%| F|  |TAMS 0x000000070f800000| PB 0x000000070f800000| Untracked |  0
|  97|0x000000070fa00000, 0x000000070fa00000, 0x000000070fc00000|  0%| F|  |TAMS 0x000000070fa00000| PB 0x000000070fa00000| Untracked |  0
|  98|0x000000070fc00000, 0x000000070fc00000, 0x000000070fe00000|  0%| F|  |TAMS 0x000000070fc00000| PB 0x000000070fc00000| Untracked |  0
|  99|0x000000070fe00000, 0x000000070fe00000, 0x0000000710000000|  0%| F|  |TAMS 0x000000070fe00000| PB 0x000000070fe00000| Untracked |  0
| 100|0x0000000710000000, 0x0000000710000000, 0x0000000710200000|  0%| F|  |TAMS 0x0000000710000000| PB 0x0000000710000000| Untracked |  0
| 101|0x0000000710200000, 0x0000000710200000, 0x0000000710400000|  0%| F|  |TAMS 0x0000000710200000| PB 0x0000000710200000| Untracked |  0
| 102|0x0000000710400000, 0x0000000710400000, 0x0000000710600000|  0%| F|  |TAMS 0x0000000710400000| PB 0x0000000710400000| Untracked |  0
| 103|0x0000000710600000, 0x0000000710600000, 0x0000000710800000|  0%| F|  |TAMS 0x0000000710600000| PB 0x0000000710600000| Untracked |  0
| 104|0x0000000710800000, 0x0000000710800000, 0x0000000710a00000|  0%| F|  |TAMS 0x0000000710800000| PB 0x0000000710800000| Untracked |  0
| 105|0x0000000710a00000, 0x0000000710a00000, 0x0000000710c00000|  0%| F|  |TAMS 0x0000000710a00000| PB 0x0000000710a00000| Untracked |  0
| 106|0x0000000710c00000, 0x0000000710c00000, 0x0000000710e00000|  0%| F|  |TAMS 0x0000000710c00000| PB 0x0000000710c00000| Untracked |  0
| 107|0x0000000710e00000, 0x0000000710e00000, 0x0000000711000000|  0%| F|  |TAMS 0x0000000710e00000| PB 0x0000000710e00000| Untracked |  0
| 108|0x0000000711000000, 0x000000071109a510, 0x0000000711200000| 30%| S|CS|TAMS 0x0000000711000000| PB 0x0000000711000000| Complete |  0
| 109|0x0000000711200000, 0x0000000711400000, 0x0000000711400000|100%| S|CS|TAMS 0x0000000711200000| PB 0x0000000711200000| Complete |  0
| 110|0x0000000711400000, 0x0000000711400000, 0x0000000711600000|  0%| F|  |TAMS 0x0000000711400000| PB 0x0000000711400000| Untracked |  0
| 111|0x0000000711600000, 0x0000000711600000, 0x0000000711800000|  0%| F|  |TAMS 0x0000000711600000| PB 0x0000000711600000| Untracked |  0
| 112|0x0000000711800000, 0x0000000711800000, 0x0000000711a00000|  0%| F|  |TAMS 0x0000000711800000| PB 0x0000000711800000| Untracked |  0
| 113|0x0000000711a00000, 0x0000000711a00000, 0x0000000711c00000|  0%| F|  |TAMS 0x0000000711a00000| PB 0x0000000711a00000| Untracked |  0
| 114|0x0000000711c00000, 0x0000000711c00000, 0x0000000711e00000|  0%| F|  |TAMS 0x0000000711c00000| PB 0x0000000711c00000| Untracked |  0
| 115|0x0000000711e00000, 0x0000000711e00000, 0x0000000712000000|  0%| F|  |TAMS 0x0000000711e00000| PB 0x0000000711e00000| Untracked |  0
| 116|0x0000000712000000, 0x0000000712000000, 0x0000000712200000|  0%| F|  |TAMS 0x0000000712000000| PB 0x0000000712000000| Untracked |  0
| 117|0x0000000712200000, 0x0000000712200000, 0x0000000712400000|  0%| F|  |TAMS 0x0000000712200000| PB 0x0000000712200000| Untracked |  0
| 118|0x0000000712400000, 0x00000007124f5c08, 0x0000000712600000| 47%| E|  |TAMS 0x0000000712400000| PB 0x0000000712400000| Complete |  0
| 119|0x0000000712600000, 0x0000000712800000, 0x0000000712800000|100%| E|CS|TAMS 0x0000000712600000| PB 0x0000000712600000| Complete |  0
| 120|0x0000000712800000, 0x0000000712a00000, 0x0000000712a00000|100%| E|CS|TAMS 0x0000000712800000| PB 0x0000000712800000| Complete |  0
| 121|0x0000000712a00000, 0x0000000712c00000, 0x0000000712c00000|100%| E|  |TAMS 0x0000000712a00000| PB 0x0000000712a00000| Complete |  0
| 122|0x0000000712c00000, 0x0000000712e00000, 0x0000000712e00000|100%| E|CS|TAMS 0x0000000712c00000| PB 0x0000000712c00000| Complete |  0
| 123|0x0000000712e00000, 0x0000000713000000, 0x0000000713000000|100%| E|CS|TAMS 0x0000000712e00000| PB 0x0000000712e00000| Complete |  0
| 124|0x0000000713000000, 0x0000000713200000, 0x0000000713200000|100%| E|CS|TAMS 0x0000000713000000| PB 0x0000000713000000| Complete |  0
| 125|0x0000000713200000, 0x0000000713400000, 0x0000000713400000|100%| E|CS|TAMS 0x0000000713200000| PB 0x0000000713200000| Complete |  0
| 126|0x0000000713400000, 0x0000000713600000, 0x0000000713600000|100%| E|CS|TAMS 0x0000000713400000| PB 0x0000000713400000| Complete |  0

Card table byte_map: [0x000001e3e5630000,0x000001e3e5e20000] _byte_map_base: 0x000001e3e1e14000

Marking Bits: (CMBitMap*) 0x000001e3cd610240
 Bits: [0x000001e3e5e20000, 0x000001e3e9d40000)

Polling page: 0x000001e3cb4e0000

Metaspace:

Usage:
  Non-class:     16.22 MB used.
      Class:      2.27 MB used.
       Both:     18.49 MB used.

Virtual space:
  Non-class space:       64.00 MB reserved,      16.38 MB ( 26%) committed,  1 nodes.
      Class space:        1.00 GB reserved,       2.44 MB ( <1%) committed,  1 nodes.
             Both:        1.06 GB reserved,      18.81 MB (  2%) committed. 

Chunk freelists:
   Non-Class:  15.11 MB
       Class:  13.59 MB
        Both:  28.70 MB

MaxMetaspaceSize: unlimited
CompressedClassSpaceSize: 1.00 GB
Initial GC threshold: 21.00 MB
Current GC threshold: 21.00 MB
CDS: on
 - commit_granule_bytes: 65536.
 - commit_granule_words: 8192.
 - virtual_space_node_default_size: 8388608.
 - enlarge_chunks_in_place: 1.
 - use_allocation_guard: 0.


Internal statistics:

num_allocs_failed_limit: 0.
num_arena_births: 262.
num_arena_deaths: 0.
num_vsnodes_births: 2.
num_vsnodes_deaths: 0.
num_space_committed: 301.
num_space_uncommitted: 0.
num_chunks_returned_to_freelist: 0.
num_chunks_taken_from_freelist: 859.
num_chunk_merges: 0.
num_chunk_splits: 575.
num_chunks_enlarged: 426.
num_inconsistent_stats: 0.

CodeHeap 'non-profiled nmethods': size=120000Kb used=948Kb max_used=948Kb free=119051Kb
 bounds [0x000001e3dd3c0000, 0x000001e3dd630000, 0x000001e3e48f0000]
CodeHeap 'profiled nmethods': size=120000Kb used=4330Kb max_used=4330Kb free=115670Kb
 bounds [0x000001e3d58f0000, 0x000001e3d5d30000, 0x000001e3dce20000]
CodeHeap 'non-nmethods': size=5760Kb used=1440Kb max_used=1470Kb free=4320Kb
 bounds [0x000001e3dce20000, 0x000001e3dd090000, 0x000001e3dd3c0000]
 total_blobs=2876 nmethods=2350 adapters=430
 compilation: enabled
              stopped_count=0, restarted_count=0
 full_count=0

Compilation events (20 events):
Event: 1.338 Thread 0x000001e3ec9ebd40 2210       1       sun.security.util.KnownOIDs::aliases (5 bytes)
Event: 1.338 Thread 0x000001e3ec9ebd40 nmethod 2210 0x000001e3dd49e410 code [0x000001e3dd49e5a0, 0x000001e3dd49e670]
Event: 1.338 Thread 0x000001e3ec9ebd40 2197       3       java.lang.invoke.InfoFromMemberName::<init> (72 bytes)
Event: 1.338 Thread 0x000001e3ec9ebd40 nmethod 2197 0x000001e3d5cec610 code [0x000001e3d5cec7c0, 0x000001e3d5cec9b0]
Event: 1.338 Thread 0x000001e3ec9ebd40 2198       3       java.lang.invoke.InnerClassLambdaMetafactory::lambdaClassName (48 bytes)
Event: 1.339 Thread 0x000001e3ec9ebd40 nmethod 2198 0x000001e3d5ceca90 code [0x000001e3d5cecce0, 0x000001e3d5ced3b0]
Event: 1.339 Thread 0x000001e3c6250430 nmethod 2196 0x000001e3dd49e710 code [0x000001e3dd49e8a0, 0x000001e3dd49e9c8]
Event: 1.339 Thread 0x000001e3ec9ebd40 2213       3       java.lang.invoke.DirectMethodHandle$Holder::invokeStatic (21 bytes)
Event: 1.339 Thread 0x000001e3c6250430 2212       4       jdk.internal.module.SystemModuleFinders$SystemImage::reader (4 bytes)
Event: 1.339 Thread 0x000001e3ec9ebd40 nmethod 2213 0x000001e3d5ced690 code [0x000001e3d5ced860, 0x000001e3d5cedc70]
Event: 1.339 Thread 0x000001e3ec9ebd40 2203       1       java.math.BigInteger::signum (5 bytes)
Event: 1.339 Thread 0x000001e3ec9ebd40 nmethod 2203 0x000001e3dd49eb10 code [0x000001e3dd49eca0, 0x000001e3dd49ed68]
Event: 1.340 Thread 0x000001e3ec9ebd40 2214       3       java.lang.invoke.DelegatingMethodHandle$Holder::reinvoke_L (20 bytes)
Event: 1.340 Thread 0x000001e3c6250430 nmethod 2212 0x000001e3dd49ee10 code [0x000001e3dd49ef80, 0x000001e3dd49eff0]
Event: 1.340 Thread 0x000001e3ec9ebd40 nmethod 2214 0x000001e3d5cedd90 code [0x000001e3d5cedf40, 0x000001e3d5cee368]
Event: 1.340 Thread 0x000001e3c6250430 2204 %     4       java.math.BigInteger::destructiveMulAdd @ 31 (150 bytes)
Event: 1.341 Thread 0x000001e3ec9ebd40 2215       3       java.util.Properties::getProperty (50 bytes)
Event: 1.341 Thread 0x000001e3ec9ebd40 nmethod 2215 0x000001e3d5cee490 code [0x000001e3d5cee660, 0x000001e3d5ceeb08]
Event: 1.342 Thread 0x000001e3ec9ebd40 2217       1       java.lang.reflect.AccessibleObject::isAccessible (5 bytes)
Event: 1.342 Thread 0x000001e3ec9ebd40 nmethod 2217 0x000001e3dd49f110 code [0x000001e3dd49f2a0, 0x000001e3dd49f370]

GC Heap History (4 events):
Event: 0.718 GC heap before
{Heap before GC invocations=0 (full 0):
 garbage-first heap   total reserved 4136960K, committed 260096K, used 22528K [0x0000000703800000, 0x0000000800000000)
  region size 2048K, 12 young (24576K), 0 survivors (0K)
 Metaspace       used 6382K, committed 6656K, reserved 1114112K
  class space    used 770K, committed 896K, reserved 1048576K
}
Event: 0.725 GC heap after
{Heap after GC invocations=1 (full 0):
 garbage-first heap   total reserved 4136960K, committed 260096K, used 6481K [0x0000000703800000, 0x0000000800000000)
  region size 2048K, 2 young (4096K), 2 survivors (4096K)
 Metaspace       used 6382K, committed 6656K, reserved 1114112K
  class space    used 770K, committed 896K, reserved 1048576K
}
Event: 1.199 GC heap before
{Heap before GC invocations=1 (full 0):
 garbage-first heap   total reserved 4136960K, committed 260096K, used 35153K [0x0000000703800000, 0x0000000800000000)
  region size 2048K, 17 young (34816K), 2 survivors (4096K)
 Metaspace       used 15386K, committed 15680K, reserved 1114112K
  class space    used 1858K, committed 1984K, reserved 1048576K
}
Event: 1.203 GC heap after
{Heap after GC invocations=2 (full 0):
 garbage-first heap   total reserved 4136960K, committed 260096K, used 9400K [0x0000000703800000, 0x0000000800000000)
  region size 2048K, 2 young (4096K), 2 survivors (4096K)
 Metaspace       used 15386K, committed 15680K, reserved 1114112K
  class space    used 1858K, committed 1984K, reserved 1048576K
}

Dll operation events (8 events):
Event: 0.012 Loaded shared library C:\Program Files\Java\jdk-22\bin\java.dll
Event: 0.047 Loaded shared library C:\Program Files\Java\jdk-22\bin\jsvml.dll
Event: 0.115 Loaded shared library C:\Program Files\Java\jdk-22\bin\net.dll
Event: 0.117 Loaded shared library C:\Program Files\Java\jdk-22\bin\nio.dll
Event: 0.120 Loaded shared library C:\Program Files\Java\jdk-22\bin\zip.dll
Event: 0.229 Loaded shared library C:\Program Files\Java\jdk-22\bin\jimage.dll
Event: 0.926 Loaded shared library C:\Program Files\Java\jdk-22\bin\le.dll
Event: 1.342 Loaded shared library C:\Program Files\Java\jdk-22\bin\sunmscapi.dll

Deoptimization events (20 events):
Event: 1.315 Thread 0x000001e3cb2d12f0 DEOPT PACKING pc=0x000001e3d5a1798d sp=0x0000009d87ffea20
Event: 1.315 Thread 0x000001e3cb2d12f0 DEOPT UNPACKING pc=0x000001e3dce74e42 sp=0x0000009d87ffdf18 mode 0
Event: 1.315 Thread 0x000001e3cb2d12f0 DEOPT PACKING pc=0x000001e3d5a1798d sp=0x0000009d87ffea20
Event: 1.315 Thread 0x000001e3cb2d12f0 DEOPT UNPACKING pc=0x000001e3dce74e42 sp=0x0000009d87ffdf18 mode 0
Event: 1.316 Thread 0x000001e3cb2d12f0 DEOPT PACKING pc=0x000001e3d5a1798d sp=0x0000009d87ffea20
Event: 1.316 Thread 0x000001e3cb2d12f0 DEOPT UNPACKING pc=0x000001e3dce74e42 sp=0x0000009d87ffdf18 mode 0
Event: 1.316 Thread 0x000001e3cb2d12f0 DEOPT PACKING pc=0x000001e3d5a1798d sp=0x0000009d87ffea20
Event: 1.316 Thread 0x000001e3cb2d12f0 DEOPT UNPACKING pc=0x000001e3dce74e42 sp=0x0000009d87ffdf18 mode 0
Event: 1.317 Thread 0x000001e3cb2d12f0 DEOPT PACKING pc=0x000001e3d5a1798d sp=0x0000009d87ffea20
Event: 1.317 Thread 0x000001e3cb2d12f0 DEOPT UNPACKING pc=0x000001e3dce74e42 sp=0x0000009d87ffdf18 mode 0
Event: 1.317 Thread 0x000001e3cb2d12f0 DEOPT PACKING pc=0x000001e3d5a1798d sp=0x0000009d87ffe9f0
Event: 1.317 Thread 0x000001e3cb2d12f0 DEOPT UNPACKING pc=0x000001e3dce74e42 sp=0x0000009d87ffdee0 mode 0
Event: 1.318 Thread 0x000001e3c5f69430 Uncommon trap: trap_request=0xffffffc6 fr.pc=0x000001e3dd486320 relative=0x0000000000000340
Event: 1.318 Thread 0x000001e3c5f69430 Uncommon trap: reason=bimorphic_or_optimized_type_check action=maybe_recompile pc=0x000001e3dd486320 method=java.util.HashMap.getNode(Ljava/lang/Object;)Ljava/util/HashMap$Node; @ 128 c2
Event: 1.318 Thread 0x000001e3c5f69430 DEOPT PACKING pc=0x000001e3dd486320 sp=0x0000009d897fd020
Event: 1.318 Thread 0x000001e3c5f69430 DEOPT UNPACKING pc=0x000001e3dce746a2 sp=0x0000009d897fcf28 mode 2
Event: 1.319 Thread 0x000001e3c5f69430 Uncommon trap: trap_request=0xffffffde fr.pc=0x000001e3dd43f03c relative=0x000000000000035c
Event: 1.319 Thread 0x000001e3c5f69430 Uncommon trap: reason=class_check action=maybe_recompile pc=0x000001e3dd43f03c method=java.util.HashMap.getNode(Ljava/lang/Object;)Ljava/util/HashMap$Node; @ 128 c2
Event: 1.319 Thread 0x000001e3c5f69430 DEOPT PACKING pc=0x000001e3dd43f03c sp=0x0000009d897fcfb0
Event: 1.319 Thread 0x000001e3c5f69430 DEOPT UNPACKING pc=0x000001e3dce746a2 sp=0x0000009d897fcf28 mode 2

Classes loaded (20 events):
Event: 1.317 Loading class sun/security/util/ByteArrayTagOrder
Event: 1.317 Loading class sun/security/util/ByteArrayTagOrder done
Event: 1.317 Loading class sun/security/util/ObjectIdentifier
Event: 1.318 Loading class sun/security/util/ObjectIdentifier done
Event: 1.320 Loading class java/security/spec/ECFieldF2m
Event: 1.320 Loading class java/security/spec/ECFieldF2m done
Event: 1.321 Loading class java/lang/Thread$ThreadNumbering
Event: 1.321 Loading class java/lang/Thread$ThreadNumbering done
Event: 1.324 Loading class sun/security/ssl/SunJSSE
Event: 1.324 Loading class sun/security/ssl/SunJSSE done
Event: 1.325 Loading class com/sun/crypto/provider/SunJCE
Event: 1.325 Loading class com/sun/crypto/provider/SunJCE done
Event: 1.327 Loading class sun/security/jca/ProviderConfig$3
Event: 1.327 Loading class sun/security/jca/ProviderConfig$3 done
Event: 1.327 Loading class sun/security/jca/ProviderConfig$ProviderLoader
Event: 1.327 Loading class sun/security/jca/ProviderConfig$ProviderLoader done
Event: 1.330 Loading class java/security/InvalidParameterException
Event: 1.330 Loading class java/security/InvalidParameterException done
Event: 1.330 Loading class java/security/ProviderException
Event: 1.330 Loading class java/security/ProviderException done

Classes unloaded (0 events):
No events

Classes redefined (0 events):
No events

Internal exceptions (20 events):
Event: 0.833 Thread 0x000001e3cb2d12f0 Exception <a 'java/lang/NoSuchMethodError'{0x0000000713057378}: 'java.lang.Object java.lang.invoke.DirectMethodHandle$Holder.invokeStatic(java.lang.Object, long, java.lang.Object)'> (0x0000000713057378) 
thrown [s\open\src\hotspot\share\interpreter\linkResolver.cpp, line 774]
Event: 0.834 Thread 0x000001e3cb2d12f0 Exception <a 'java/lang/NoSuchMethodError'{0x000000071305aa00}: 'java.lang.Object java.lang.invoke.DirectMethodHandle$Holder.invokeStaticInit(java.lang.Object, long, java.lang.Object)'> (0x000000071305aa00) 
thrown [s\open\src\hotspot\share\interpreter\linkResolver.cpp, line 774]
Event: 0.834 Thread 0x000001e3cb2d12f0 Exception <a 'java/lang/NoSuchMethodError'{0x0000000713060300}: 'java.lang.Object java.lang.invoke.DirectMethodHandle$Holder.newInvokeSpecial(java.lang.Object, long)'> (0x0000000713060300) 
thrown [s\open\src\hotspot\share\interpreter\linkResolver.cpp, line 774]
Event: 0.853 Thread 0x000001e3cb2d12f0 Exception <a 'java/lang/NoSuchMethodError'{0x00000007130c4698}: 'void java.lang.invoke.DirectMethodHandle$Holder.invokeVirtual(java.lang.Object, java.lang.Object, java.lang.Object, java.lang.Object)'> (0x00000007130c4698) 
thrown [s\open\src\hotspot\share\interpreter\linkResolver.cpp, line 774]
Event: 0.892 Thread 0x000001e3cb2d12f0 Exception <a 'java/lang/NoSuchMethodError'{0x0000000712e138f0}: 'void java.lang.invoke.DirectMethodHandle$Holder.invokeSpecial(java.lang.Object, java.lang.Object, java.lang.Object)'> (0x0000000712e138f0) 
thrown [s\open\src\hotspot\share\interpreter\linkResolver.cpp, line 774]
Event: 0.905 Thread 0x000001e3c5f69430 Exception <a 'java/lang/NoClassDefFoundError'{0x0000000712e78e88}: jakarta/validation/Validation> (0x0000000712e78e88) 
thrown [s\open\src\hotspot\share\classfile\systemDictionary.cpp, line 302]
Event: 0.905 Thread 0x000001e3cb2d12f0 Exception <a 'java/lang/IncompatibleClassChangeError'{0x0000000712e42418}: Found class java.lang.Object, but interface was expected> (0x0000000712e42418) 
thrown [s\open\src\hotspot\share\interpreter\linkResolver.cpp, line 841]
Event: 0.909 Thread 0x000001e3cb2d12f0 Exception <a 'java/lang/NoSuchMethodError'{0x0000000712e59058}: 'java.lang.Object java.lang.invoke.DirectMethodHandle$Holder.invokeStaticInit(java.lang.Object, int)'> (0x0000000712e59058) 
thrown [s\open\src\hotspot\share\interpreter\linkResolver.cpp, line 774]
Event: 0.911 Thread 0x000001e3cb2d12f0 Exception <a 'java/lang/NoSuchMethodError'{0x0000000712f30c98}: 'java.lang.Object java.lang.invoke.DirectMethodHandle$Holder.invokeStatic(java.lang.Object, int, java.lang.Object)'> (0x0000000712f30c98) 
thrown [s\open\src\hotspot\share\interpreter\linkResolver.cpp, line 774]
Event: 0.911 Thread 0x000001e3cb2d12f0 Exception <a 'java/lang/NoSuchMethodError'{0x0000000712f34318}: 'java.lang.Object java.lang.invoke.DirectMethodHandle$Holder.invokeStaticInit(java.lang.Object, int, java.lang.Object)'> (0x0000000712f34318) 
thrown [s\open\src\hotspot\share\interpreter\linkResolver.cpp, line 774]
Event: 0.920 Thread 0x000001e3cb2d12f0 Exception <a 'sun/nio/fs/WindowsException'{0x0000000712f56490}> (0x0000000712f56490) 
thrown [s\open\src\hotspot\share\prims\jni.cpp, line 520]
Event: 0.989 Thread 0x000001e3cb2d12f0 Exception <a 'java/lang/NoSuchMethodError'{0x0000000712a591f0}: 'void java.lang.invoke.DirectMethodHandle$Holder.invokeVirtual(java.lang.Object, java.lang.Object)'> (0x0000000712a591f0) 
thrown [s\open\src\hotspot\share\interpreter\linkResolver.cpp, line 774]
Event: 0.995 Thread 0x000001e3cb2d12f0 Exception <a 'java/lang/NoSuchMethodError'{0x0000000712adb2b0}: 'int java.lang.invoke.DirectMethodHandle$Holder.invokeVirtual(java.lang.Object, java.lang.Object)'> (0x0000000712adb2b0) 
thrown [s\open\src\hotspot\share\interpreter\linkResolver.cpp, line 774]
Event: 1.238 Thread 0x000001e3cb2d12f0 Exception <a 'java/lang/NoSuchMethodError'{0x0000000713031138}: 'int java.lang.invoke.DirectMethodHandle$Holder.invokeSpecial(java.lang.Object, java.lang.Object, java.lang.Object, java.lang.Object, java.lang.Object)'> (0x0000000713031138) 
thrown [s\open\src\hotspot\share\interpreter\linkResolver.cpp, line 774]
Event: 1.247 Thread 0x000001e3c5f69430 Exception <a 'java/lang/NoSuchMethodError'{0x000000071310fce0}: 'long java.lang.invoke.DirectMethodHandle$Holder.invokeSpecial(java.lang.Object, java.lang.Object)'> (0x000000071310fce0) 
thrown [s\open\src\hotspot\share\interpreter\linkResolver.cpp, line 774]
Event: 1.249 Thread 0x000001e3c5f69430 Exception <a 'java/lang/NoSuchMethodError'{0x0000000713119860}: 'long java.lang.invoke.DirectMethodHandle$Holder.invokeStatic(java.lang.Object, java.lang.Object)'> (0x0000000713119860) 
thrown [s\open\src\hotspot\share\interpreter\linkResolver.cpp, line 774]
Event: 1.250 Thread 0x000001e3c5f69430 Exception <a 'java/lang/NoSuchMethodError'{0x000000071311c948}: 'long java.lang.invoke.DirectMethodHandle$Holder.invokeStaticInit(java.lang.Object, java.lang.Object)'> (0x000000071311c948) 
thrown [s\open\src\hotspot\share\interpreter\linkResolver.cpp, line 774]
Event: 1.251 Thread 0x000001e3c5f69430 Exception <a 'java/lang/NoSuchMethodError'{0x0000000713128b40}: 'long java.lang.invoke.DirectMethodHandle$Holder.invokeInterface(java.lang.Object, java.lang.Object)'> (0x0000000713128b40) 
thrown [s\open\src\hotspot\share\interpreter\linkResolver.cpp, line 774]
Event: 1.251 Thread 0x000001e3c5f69430 Exception <a 'java/lang/IncompatibleClassChangeError'{0x000000071312bb50}: Found class java.lang.Object, but interface was expected> (0x000000071312bb50) 
thrown [s\open\src\hotspot\share\interpreter\linkResolver.cpp, line 841]
Event: 1.254 Thread 0x000001e3c5f69430 Exception <a 'java/lang/NoSuchMethodError'{0x00000007131c0910}: 'java.lang.Object java.lang.invoke.DirectMethodHandle$Holder.invokeVirtual(java.lang.Object, java.lang.Object, java.lang.Object, java.lang.Object)'> (0x00000007131c0910) 
thrown [s\open\src\hotspot\share\interpreter\linkResolver.cpp, line 774]

ZGC Phase Switch (0 events):
No events

VM Operations (20 events):
Event: 0.885 Executing VM operation: HandshakeAllThreads (Deoptimize)
Event: 0.885 Executing VM operation: HandshakeAllThreads (Deoptimize) done
Event: 0.889 Executing VM operation: HandshakeAllThreads (Deoptimize)
Event: 0.889 Executing VM operation: HandshakeAllThreads (Deoptimize) done
Event: 0.912 Executing VM operation: HandshakeAllThreads (Deoptimize)
Event: 0.912 Executing VM operation: HandshakeAllThreads (Deoptimize) done
Event: 1.039 Executing VM operation: ICBufferFull
Event: 1.039 Executing VM operation: ICBufferFull done
Event: 1.093 Executing VM operation: HandshakeAllThreads (Deoptimize)
Event: 1.093 Executing VM operation: HandshakeAllThreads (Deoptimize) done
Event: 1.178 Executing VM operation: HandshakeAllThreads (Deoptimize)
Event: 1.178 Executing VM operation: HandshakeAllThreads (Deoptimize) done
Event: 1.199 Executing VM operation: G1CollectForAllocation (G1 Evacuation Pause)
Event: 1.204 Executing VM operation: G1CollectForAllocation (G1 Evacuation Pause) done
Event: 1.224 Executing VM operation: HandshakeAllThreads (Deoptimize)
Event: 1.224 Executing VM operation: HandshakeAllThreads (Deoptimize) done
Event: 1.289 Executing VM operation: HandshakeAllThreads (Deoptimize)
Event: 1.289 Executing VM operation: HandshakeAllThreads (Deoptimize) done
Event: 1.317 Executing VM operation: HandshakeAllThreads (Deoptimize)
Event: 1.317 Executing VM operation: HandshakeAllThreads (Deoptimize) done

Events (18 events):
Event: 0.032 Thread 0x000001e3cb2d12f0 Thread added: 0x000001e3cb2d12f0
Event: 0.045 Thread 0x000001e3ec9af510 Thread added: 0x000001e3ec9af510
Event: 0.045 Thread 0x000001e3ec9b4250 Thread added: 0x000001e3ec9b4250
Event: 0.045 Thread 0x000001e3ec9babf0 Thread added: 0x000001e3ec9babf0
Event: 0.045 Thread 0x000001e3ec9bb650 Thread added: 0x000001e3ec9bb650
Event: 0.045 Thread 0x000001e3ec9bc0b0 Thread added: 0x000001e3ec9bc0b0
Event: 0.045 Thread 0x000001e3ec9c4c50 Thread added: 0x000001e3ec9c4c50
Event: 0.045 Thread 0x000001e3ec9eb160 Thread added: 0x000001e3ec9eb160
Event: 0.045 Thread 0x000001e3ec9ebd40 Thread added: 0x000001e3ec9ebd40
Event: 0.106 Thread 0x000001e3c52b8890 Thread added: 0x000001e3c52b8890
Event: 0.110 Thread 0x000001e3c52c0530 Thread added: 0x000001e3c52c0530
Event: 0.132 Thread 0x000001e3c53385a0 Thread added: 0x000001e3c53385a0
Event: 0.145 Thread 0x000001e3c52bb520 Thread added: 0x000001e3c52bb520
Event: 0.679 Thread 0x000001e3c52bb520 Thread exited: 0x000001e3c52bb520
Event: 0.902 Thread 0x000001e3c5f69430 Thread added: 0x000001e3c5f69430
Event: 0.975 Thread 0x000001e3c6250430 Thread added: 0x000001e3c6250430
Event: 0.990 Thread 0x000001e3c624cd80 Thread added: 0x000001e3c624cd80
Event: 1.321 Thread 0x000001e3c63a03a0 Thread added: 0x000001e3c63a03a0


Dynamic libraries:
0x00007ff7d0cb0000 - 0x00007ff7d0cc0000 	C:\Program Files\Java\jdk-22\bin\java.exe
0x00007ff864460000 - 0x00007ff864669000 	C:\Windows\SYSTEM32\ntdll.dll
0x00007ff8628d0000 - 0x00007ff86298d000 	C:\Windows\System32\KERNEL32.DLL
0x00007ff861e00000 - 0x00007ff862184000 	C:\Windows\System32\KERNELBASE.dll
0x00007ff862190000 - 0x00007ff8622a1000 	C:\Windows\System32\ucrtbase.dll
0x00007ff8458e0000 - 0x00007ff8458f7000 	C:\Program Files\Java\jdk-22\bin\jli.dll
0x00007ff844850000 - 0x00007ff84486b000 	C:\Program Files\Java\jdk-22\bin\VCRUNTIME140.dll
0x00007ff864370000 - 0x00007ff86441e000 	C:\Windows\System32\ADVAPI32.dll
0x00007ff863320000 - 0x00007ff8633c3000 	C:\Windows\System32\msvcrt.dll
0x00007ff862330000 - 0x00007ff8623ce000 	C:\Windows\System32\sechost.dll
0x00007ff864240000 - 0x00007ff864361000 	C:\Windows\System32\RPCRT4.dll
0x00007ff8639e0000 - 0x00007ff863b8d000 	C:\Windows\System32\USER32.dll
0x00007ff846820000 - 0x00007ff846ac5000 	C:\Windows\WinSxS\amd64_microsoft.windows.common-controls_6595b64144ccf1df_6.0.22000.120_none_9d947278b86cc467\COMCTL32.dll
0x00007ff8619e0000 - 0x00007ff861a06000 	C:\Windows\System32\win32u.dll
0x00007ff863440000 - 0x00007ff86346a000 	C:\Windows\System32\GDI32.dll
0x00007ff861c20000 - 0x00007ff861d3e000 	C:\Windows\System32\gdi32full.dll
0x00007ff8590d0000 - 0x00007ff8590da000 	C:\Windows\SYSTEM32\VERSION.dll
0x00007ff861b80000 - 0x00007ff861c1d000 	C:\Windows\System32\msvcp_win.dll
0x00007ff862890000 - 0x00007ff8628c1000 	C:\Windows\System32\IMM32.DLL
0x00007ff84d730000 - 0x00007ff84d73c000 	C:\Program Files\Java\jdk-22\bin\vcruntime140_1.dll
0x00007ff8322f0000 - 0x00007ff83237e000 	C:\Program Files\Java\jdk-22\bin\msvcp140.dll
0x00007fffcd870000 - 0x00007fffce5b8000 	C:\Program Files\Java\jdk-22\bin\server\jvm.dll
0x00007ff8622b0000 - 0x00007ff86231f000 	C:\Windows\System32\WS2_32.dll
0x00007ff860210000 - 0x00007ff86025d000 	C:\Windows\SYSTEM32\POWRPROF.dll
0x00007ff85b190000 - 0x00007ff85b1c3000 	C:\Windows\SYSTEM32\WINMM.dll
0x00007ff860300000 - 0x00007ff860313000 	C:\Windows\SYSTEM32\UMPDC.dll
0x00007ff860a20000 - 0x00007ff860a38000 	C:\Windows\SYSTEM32\kernel.appcore.dll
0x00007ff84d060000 - 0x00007ff84d06a000 	C:\Program Files\Java\jdk-22\bin\jimage.dll
0x00007ff85edf0000 - 0x00007ff85f011000 	C:\Windows\SYSTEM32\DBGHELP.DLL
0x00007ff850bb0000 - 0x00007ff850be1000 	C:\Windows\SYSTEM32\dbgcore.DLL
0x00007ff8618f0000 - 0x00007ff86196f000 	C:\Windows\System32\bcryptPrimitives.dll
0x00007ff8444e0000 - 0x00007ff8444fe000 	C:\Program Files\Java\jdk-22\bin\java.dll
0x00007ff862b30000 - 0x00007ff8632f5000 	C:\Windows\System32\SHELL32.dll
0x00007ff862600000 - 0x00007ff86279a000 	C:\Windows\System32\ole32.dll
0x00007ff863d50000 - 0x00007ff8640c6000 	C:\Windows\System32\combase.dll
0x00007ff85f990000 - 0x00007ff8601f2000 	C:\Windows\SYSTEM32\windows.storage.dll
0x00007ff85f820000 - 0x00007ff85f987000 	C:\Windows\SYSTEM32\wintypes.dll
0x00007ff863470000 - 0x00007ff86355a000 	C:\Windows\System32\SHCORE.dll
0x00007ff862410000 - 0x00007ff86246d000 	C:\Windows\System32\shlwapi.dll
0x00007ff861820000 - 0x00007ff861845000 	C:\Windows\SYSTEM32\profapi.dll
0x00007ff832210000 - 0x00007ff8322e7000 	C:\Program Files\Java\jdk-22\bin\jsvml.dll
0x00007ff848770000 - 0x00007ff848780000 	C:\Program Files\Java\jdk-22\bin\net.dll
0x00007ff860f00000 - 0x00007ff860f67000 	C:\Windows\system32\mswsock.dll
0x00007ff840c80000 - 0x00007ff840c96000 	C:\Program Files\Java\jdk-22\bin\nio.dll
0x00007ff840c60000 - 0x00007ff840c77000 	C:\Program Files\Java\jdk-22\bin\zip.dll
0x00007ff848700000 - 0x00007ff84870b000 	C:\Program Files\Java\jdk-22\bin\le.dll
0x00007ff848090000 - 0x00007ff84809e000 	C:\Program Files\Java\jdk-22\bin\sunmscapi.dll
0x00007ff861a10000 - 0x00007ff861b72000 	C:\Windows\System32\CRYPT32.dll
0x00007ff861290000 - 0x00007ff8612b8000 	C:\Windows\SYSTEM32\ncrypt.dll
0x00007ff861250000 - 0x00007ff861287000 	C:\Windows\SYSTEM32\NTASN1.dll

dbghelp: loaded successfully - version: 4.0.5 - missing functions: none
symbol engine: initialized successfully - sym options: 0x614 - pdb path: .;C:\Program Files\Java\jdk-22\bin;C:\Windows\SYSTEM32;C:\Windows\WinSxS\amd64_microsoft.windows.common-controls_6595b64144ccf1df_6.0.22000.120_none_9d947278b86cc467;C:\Program Files\Java\jdk-22\bin\server

VM Arguments:
jvm_args: -XX:+ShowCodeDetailsInExceptionMessages 
java_command: rmitvn.SpringBootArchitecture.SpringBootArchitectureApplication
java_class_path (initial): C:\Users\botes\OneDrive\Documents\RMIT\Teaching\EEET2580\Enterprise Application Development\InClassExercise\Week6\SpringBootArchitecture\target\classes;C:\Users\botes\.m2\repository\org\springframework\boot\spring-boot-starter-data-jpa\3.3.2\spring-boot-starter-data-jpa-3.3.2.jar;C:\Users\botes\.m2\repository\org\springframework\boot\spring-boot-starter-aop\3.3.2\spring-boot-starter-aop-3.3.2.jar;C:\Users\botes\.m2\repository\org\springframework\spring-aop\6.1.11\spring-aop-6.1.11.jar;C:\Users\botes\.m2\repository\org\aspectj\aspectjweaver\1.9.22.1\aspectjweaver-1.9.22.1.jar;C:\Users\botes\.m2\repository\org\springframework\boot\spring-boot-starter-jdbc\3.3.2\spring-boot-starter-jdbc-3.3.2.jar;C:\Users\botes\.m2\repository\com\zaxxer\HikariCP\5.1.0\HikariCP-5.1.0.jar;C:\Users\botes\.m2\repository\org\springframework\spring-jdbc\6.1.11\spring-jdbc-6.1.11.jar;C:\Users\botes\.m2\repository\org\hibernate\orm\hibernate-core\6.5.2.Final\hibernate-core-6.5.2.Final.jar;C:\Users\botes\.m2\repository\jakarta\persistence\jakarta.persistence-api\3.1.0\jakarta.persistence-api-3.1.0.jar;C:\Users\botes\.m2\repository\jakarta\transaction\jakarta.transaction-api\2.0.1\jakarta.transaction-api-2.0.1.jar;C:\Users\botes\.m2\repository\org\jboss\logging\jboss-logging\3.5.3.Final\jboss-logging-3.5.3.Final.jar;C:\Users\botes\.m2\repository\org\hibernate\common\hibernate-commons-annotations\6.0.6.Final\hibernate-commons-annotations-6.0.6.Final.jar;C:\Users\botes\.m2\repository\io\smallrye\jandex\3.1.2\jandex-3.1.2.jar;C:\Users\botes\.m2\repository\com\fasterxml\classmate\1.7.0\classmate-1.7.0.jar;C:\Users\botes\.m2\repository\net\bytebuddy\byte-buddy\1.14.18\byte-buddy-1.14.18.jar;C:\Users\botes\.m2\repository\org\glassfish\jaxb\jaxb-runtime\4.0.5\jaxb-runtime-4.0.5.jar;C:\Users\botes\.m2\repository\org\glassfish\jaxb\jaxb-core\4.0.5\jaxb-core-4.0.5.jar;C:\Users\botes\.m2\repository\org\eclipse\angus\angus-activation\2.0.2\angus-activation-2.0.2.jar;C:\Users\botes\.m2\repository\org\glassfish\jaxb\txw2\4.0.5\txw2-4.0.5.jar;C:\Users\botes\.m2\repository\com\sun\istack\istack-commons-runtime\4.1.2\istack-commons-runtime-4.1.2.jar;C:\Users\botes\.m2\repository\jakarta\inject\jakarta.inject-api\2.0.1\jakarta.inject-api-2.0.1.jar;C:\Users\botes\.m2\repository\org\antlr\antlr4-runtime\4.13.0\antlr4-runtime-4.13.0.jar;C:\Users\botes\.m2\repository\org\springframework\data\spring-data-jpa\3.3.2\spring-data-jpa-3.3.2.jar;C:\Users\botes\.m2\repository\org\springframework\data\spring-data-commons\3.3.2\spring-data-commons-3.3.2.jar;C:\Users\botes\.m2\repository\org\springframework\spring-orm\6.1.11\spring-orm-6.1.11.jar;C:\Users\botes\.m2\repository\org\springframework\spring-context\6.1.11\spring-context-6.1.11.jar;C:\Users\botes\.m2\repository\org\springframework\spring-tx\6.1.11\spring-tx-6.1.11.jar;C:\Users\botes\.m2\repository\org\springframework\spring-beans\6.1.11\spring-beans-6.1.11.jar;C:\Users\botes\.m2\repository\jakarta\annotation\jakarta.annotation-api\2.1.1\jakarta.annotation-api-2.1.1.jar;C:\Users\botes\.m2\repository\org\slf4j\slf4j-api\2.0.13\slf4j-api-2.0.13.jar;C:\Users\botes\.m2\repository\org\springframework\spring-aspects\6.1.11\spring-aspects-6.1.11.jar;C:\Users\botes\.m2\repository\org\springframework\boot\spring-boot-starter-web\3.3.2\spring-boot-starter-web-3.3.2.jar;C:\Users\botes\.m2\repository\org\springframework\boot\spring-boot-starter\3.3.2\spring-boot-starter-3.3.2.jar;C:\Users\botes\.m2\repository\org\springframework\boot\spring-boot\3.3.2\spring-boot-3.3.2.jar;C:\Users\botes\.m2\repository\org\springframework\boot\spring-boot-autoconfigure\3.3.2\spring-boot-autoconfigure-3.3.2.jar;C:\Users\botes\.m2\repository\org\springframework\boot\spring-boot-starter-logging\3.3.2\spring-boot-starter-logging-3.3.2.jar;C:\Users\botes\.m2\repository\ch\qos\logback\logback-classic\1.5.6\logback-classic-1.5.6.jar;C:\Users\botes\.m2\repository\ch\qos\logback\logback-core\1.5.6\logback-core-1.5.6.jar;C:\Users\botes\.m2\repository\org\apache\logging\log4j\log4j-to-slf4j\2.23.1\log4j-to-slf4j-2.23.1.jar;C:\Users\botes\.m2\repository\org\apache\logging\log4j\log4j-api\2.23.1\log4j-api-2.23.1.jar;C:\Users\botes\.m2\repository\org\slf4j\jul-to-slf4j\2.0.13\jul-to-slf4j-2.0.13.jar;C:\Users\botes\.m2\repository\org\yaml\snakeyaml\2.2\snakeyaml-2.2.jar;C:\Users\botes\.m2\repository\org\springframework\boot\spring-boot-starter-json\3.3.2\spring-boot-starter-json-3.3.2.jar;C:\Users\botes\.m2\repository\com\fasterxml\jackson\core\jackson-databind\2.17.2\jackson-databind-2.17.2.jar;C:\Users\botes\.m2\repository\com\fasterxml\jackson\core\jackson-annotations\2.17.2\jackson-annotations-2.17.2.jar;C:\Users\botes\.m2\repository\com\fasterxml\jackson\core\jackson-core\2.17.2\jackson-core-2.17.2.jar;C:\Users\botes\.m2\repository\com\fasterxml\jackson\datatype\jackson-datatype-jdk8\2.17.2\jackson-datatype-jdk8-2.17.2.jar;C:\Users\botes\.m2\repository\com\fasterxml\jackson\datatype\jackson-datatype-jsr310\2.17.2\jackson-datatype-jsr310-2.17.2.jar;C:\Users\botes\.m2\repository\com\fasterxml\jackson\module\jackson-module-parameter-names\2.17.2\jackson-module-parameter-names-2.17.2.jar;C:\Users\botes\.m2\repository\org\springframework\boot\spring-boot-starter-tomcat\3.3.2\spring-boot-starter-tomcat-3.3.2.jar;C:\Users\botes\.m2\repository\org\apache\tomcat\embed\tomcat-embed-core\10.1.26\tomcat-embed-core-10.1.26.jar;C:\Users\botes\.m2\repository\org\apache\tomcat\embed\tomcat-embed-el\10.1.26\tomcat-embed-el-10.1.26.jar;C:\Users\botes\.m2\repository\org\apache\tomcat\embed\tomcat-embed-websocket\10.1.26\tomcat-embed-websocket-10.1.26.jar;C:\Users\botes\.m2\repository\org\springframework\spring-web\6.1.11\spring-web-6.1.11.jar;C:\Users\botes\.m2\repository\io\micrometer\micrometer-observation\1.13.2\micrometer-observation-1.13.2.jar;C:\Users\botes\.m2\repository\io\micrometer\micrometer-commons\1.13.2\micrometer-commons-1.13.2.jar;C:\Users\botes\.m2\repository\org\springframework\spring-webmvc\6.1.11\spring-webmvc-6.1.11.jar;C:\Users\botes\.m2\repository\org\springframework\spring-expression\6.1.11\spring-expression-6.1.11.jar;C:\Users\botes\.m2\repository\com\h2database\h2\2.2.224\h2-2.2.224.jar;C:\Users\botes\.m2\repository\jakarta\xml\bind\jakarta.xml.bind-api\4.0.2\jakarta.xml.bind-api-4.0.2.jar;C:\Users\botes\.m2\repository\jakarta\activation\jakarta.activation-api\2.1.3\jakarta.activation-api-2.1.3.jar;C:\Users\botes\.m2\repository\org\springframework\spring-core\6.1.11\spring-core-6.1.11.jar;C:\Users\botes\.m2\repository\org\springframework\spring-jcl\6.1.11\spring-jcl-6.1.11.jar
Launcher Type: SUN_STANDARD

[Global flags]
     intx CICompilerCount                          = 4                                         {product} {ergonomic}
     uint ConcGCThreads                            = 3                                         {product} {ergonomic}
     uint G1ConcRefinementThreads                  = 10                                        {product} {ergonomic}
   size_t G1HeapRegionSize                         = 2097152                                   {product} {ergonomic}
   size_t InitialHeapSize                          = 266338304                                 {product} {ergonomic}
   size_t MarkStackSize                            = 4194304                                   {product} {ergonomic}
   size_t MaxHeapSize                              = 4236247040                                {product} {ergonomic}
   size_t MaxNewSize                               = 2541748224                                {product} {ergonomic}
   size_t MinHeapDeltaBytes                        = 2097152                                   {product} {ergonomic}
   size_t MinHeapSize                              = 8388608                                   {product} {ergonomic}
    uintx NonNMethodCodeHeapSize                   = 5839372                                {pd product} {ergonomic}
    uintx NonProfiledCodeHeapSize                  = 122909434                              {pd product} {ergonomic}
    uintx ProfiledCodeHeapSize                     = 122909434                              {pd product} {ergonomic}
    uintx ReservedCodeCacheSize                    = 251658240                              {pd product} {ergonomic}
     bool SegmentedCodeCache                       = true                                      {product} {ergonomic}
     bool ShowCodeDetailsInExceptionMessages       = true                                   {manageable} {command line}
   size_t SoftMaxHeapSize                          = 4236247040                             {manageable} {ergonomic}
     bool UseCompressedOops                        = true                           {product lp64_product} {ergonomic}
     bool UseG1GC                                  = true                                      {product} {ergonomic}
     bool UseLargePagesIndividualAllocation        = false                                  {pd product} {ergonomic}

Logging:
Log output configuration:
 #0: stdout all=warning uptime,level,tags foldmultilines=false
 #1: stderr all=off uptime,level,tags foldmultilines=false

Environment Variables:
JAVA_HOME=C:\Program Files\Java\jdk-22
PATH=C:\Program Files (x86)\Razer Chroma SDK\bin;C:\Program Files\Razer Chroma SDK\bin;C:\Program Files (x86)\Razer\ChromaBroadcast\bin;C:\Program Files\Razer\ChromaBroadcast\bin;C:\Python312\Scripts\;C:\Python312\;C:\Program Files\Common Files\Oracle\Java\javapath;C:\Program Files (x86)\Common Files\Oracle\Java\javapath;C:\Windows\system32;C:\Windows;C:\Windows\System32\Wbem;C:\Windows\System32\WindowsPowerShell\v1.0\;C:\Windows\System32\OpenSSH\;C:\Program Files (x86)\NVIDIA Corporation\PhysX\Common;C:\Program Files\NVIDIA Corporation\NVIDIA NvDLISR;C:\Program Files\dotnet\;C:\Program Files\Git\cmd;C:\ProgramData\chocolatey\bin;E:\Program\nvm;C:\Program Files\nodejs;C:\Windows\system32\config\systemprofile\AppData\Local\Microsoft\WindowsApps;E:\Program\nvm;C:\Program Files\nodejs;C:\Program Files\MySQL\MySQL Server 5.7\bin;E:\Program\ProgrammingLanguages\Python3.8\Scripts\;E:\Program\ProgrammingLanguages\Python3.8\;C:\Users\botes\AppData\Local\Microsoft\WindowsApps;C:\IDE\IntelliJ IDEA Community Edition 2023.2.2\bin;;C:\Users\botes\AppData\Local\Programs\Microsoft VS Code\bin;C:\Users\botes\AppData\Roaming\npm;E:\Program\nvm;C:\Program Files\nodejs;E:\Program\IDE\Pycharm\PyCharm Community Edition 2023.3.4\bin;;C:\Users\botes\AppData\Local\Programs\MiKTeX\miktex\bin\x64\;E:\Program\IDE\WebStorm\WebStorm 2024.1.3\bin;;C:\Users\botes\AppData\Local\Programs\Microsoft VS Code;
USERNAME=botes
LANG=en_US.UTF-8
OS=Windows_NT
PROCESSOR_IDENTIFIER=Intel64 Family 6 Model 165 Stepping 2, GenuineIntel
TMP=C:\Users\botes\AppData\Local\Temp
TEMP=C:\Users\botes\AppData\Local\Temp




Periodic native trim disabled

---------------  S Y S T E M  ---------------

OS:
 Windows 11 , 64 bit Build 22000 (10.0.22000.2538)
OS uptime: 6 days 22:44 hours
Hyper-V role detected

CPU: total 12 (initial active 12) (6 cores per cpu, 2 threads per core) family 6 model 165 stepping 2 microcode 0xf8, cx8, cmov, fxsr, ht, mmx, 3dnowpref, sse, sse2, sse3, ssse3, sse4.1, sse4.2, popcnt, lzcnt, tsc, tscinvbit, avx, avx2, aes, erms, clmul, bmi1, bmi2, adx, fma, vzeroupper, clflush, clflushopt, hv, rdtscp, f16c
Processor Information for all 12 processors :
  Max Mhz: 2496, Current Mhz: 2496, Mhz Limit: 2496

Memory: 4k page, system-wide physical 16159M (1151M free)
TotalPageFile size 20255M (AvailPageFile size 1M)
current process WorkingSet (physical memory assigned to process): 127M, peak: 127M
current process commit charge ("private bytes"): 385M, peak: 385M

vm_info: Java HotSpot(TM) 64-Bit Server VM (22+36-2370) for windows-amd64 JRE (22+36-2370), built on 2024-02-15T22:15:19Z by "mach5one" with MS VC++ 17.6 (VS2022)

END.
